\BOOKMARK [1][-]{section.1}{}{}% 1
\BOOKMARK [2][-]{subsection.1.1}{}{section.1}% 2
\BOOKMARK [2][-]{subsection.1.2}{}{section.1}% 3
\BOOKMARK [1][-]{section.2}{}{}% 4
\BOOKMARK [2][-]{subsubsection.2.0.1}{}{section.2}% 5
\BOOKMARK [1][-]{section.3}{}{}% 6
\BOOKMARK [1][-]{section.4}{}{}% 7
\BOOKMARK [2][-]{subsubsection.4.0.1}{}{section.4}% 8
\BOOKMARK [1][-]{section.5}{}{}% 9
\BOOKMARK [1][-]{section.6}{}{}% 10
\BOOKMARK [2][-]{subsubsection.6.0.1}{}{section.6}% 11
\BOOKMARK [1][-]{section.7}{SPLIT ARTICLE HERE}{}% 12
\BOOKMARK [1][-]{section.8}{}{}% 13
\BOOKMARK [2][-]{subsection.8.1}{}{section.8}% 14
\BOOKMARK [1][-]{section.9}{}{}% 15
\BOOKMARK [1][-]{section.10}{}{}% 16
\BOOKMARK [1][-]{section.11}{}{}% 17
\BOOKMARK [1][-]{section.12}{}{}% 18
\BOOKMARK [2][-]{subsubsection.12.0.1}{}{section.12}% 19
\BOOKMARK [3][-]{subsubsection.12.0.2}{}{subsubsection.12.0.1}% 20
